<?xml version="1.0" encoding="UTF-8"?>
<!-- Generated by org.testng.reporters.JUnitXMLReporter -->
<testsuite ignored="0" hostname="DESKTOP-S4VQME9" failures="0" tests="19" name="Test" time="0.166" errors="0" timestamp="2024-09-10T18:49:32 IST">
  <testcase classname="insta.Followers" name="acceptRequ" time="0.009"/>
  <testcase classname="insta.Followers" name="block" time="0.002"/>
  <testcase classname="insta.Followers" name="sendRequest" time="0.001"/>
  <testcase classname="insta.Followers" name="unfollow" time="0.001"/>
  <testcase classname="insta.User" name="CA" time="0.002"/>
  <testcase classname="insta.User" name="changePassword" time="0.002"/>
  <testcase classname="insta.User" name="login" time="0.004"/>
  <testcase classname="insta.User" name="logout" time="0.001"/>
  <testcase classname="insta.User" name="profile" time="0.002"/>
  <testcase classname="insta.Reels" name="create" time="0.003"/>
  <testcase classname="insta.Reels" name="edit" time="0.003"/>
  <testcase classname="insta.Reels" name="location" time="0.002"/>
  <testcase classname="insta.Reels" name="remove" time="0.001"/>
  <testcase classname="insta.Reels" name="shareWithPriority" time="0.001"/>
  <testcase classname="insta.Story" name="create" time="0.001"/>
  <testcase classname="insta.Story" name="edit" time="0.001"/>
  <testcase classname="insta.Story" name="location" time="0.004"/>
  <testcase classname="insta.Story" name="remove" time="0.002"/>
  <testcase classname="insta.Story" name="shareWithPriority" time="0.011"/>
</testsuite> <!-- Test -->
