<?xml version="1.0" encoding="UTF-8"?>
<!-- Generated by org.testng.reporters.JUnitXMLReporter -->
<testsuite ignored="4" hostname="DESKTOP-S4VQME9" failures="0" tests="1" name="Default test" time="0.06" errors="0" timestamp="2024-09-17T18:34:58 IST">
  <testcase classname="insta.User" name="login" time="0.008"/>
  <testcase classname="insta.User" name="CA" time="0.0">
    <ignored/>
  </testcase> <!-- CA -->
  <testcase classname="insta.User" name="logout" time="0.0">
    <ignored/>
  </testcase> <!-- logout -->
  <testcase classname="insta.User" name="changePassword" time="0.0">
    <ignored/>
  </testcase> <!-- changePassword -->
  <testcase classname="insta.User" name="profile" time="0.0">
    <ignored/>
  </testcase> <!-- profile -->
</testsuite> <!-- Default test -->
