<?xml version="1.0" encoding="UTF-8"?>
<!-- Generated by org.testng.reporters.JUnitXMLReporter -->
<testsuite ignored="4" hostname="DESKTOP-S4VQME9" failures="0" tests="1" name="Default test" time="0.062" errors="0" timestamp="2024-09-10T18:51:26 IST">
  <testcase classname="insta.Reels" name="shareWithPriority" time="0.008"/>
  <testcase classname="insta.Reels" name="edit" time="0.0">
    <ignored/>
  </testcase> <!-- edit -->
  <testcase classname="insta.Reels" name="location" time="0.0">
    <ignored/>
  </testcase> <!-- location -->
  <testcase classname="insta.Reels" name="create" time="0.0">
    <ignored/>
  </testcase> <!-- create -->
  <testcase classname="insta.Reels" name="remove" time="0.0">
    <ignored/>
  </testcase> <!-- remove -->
</testsuite> <!-- Default test -->
