<?xml version="1.0" encoding="UTF-8"?>
<testng-results ignored="0" total="3" passed="3" failed="0" skipped="0">
  <reporter-output>
  </reporter-output>
  <suite started-at="2024-09-17T19:02:40 IST" name="Suite" finished-at="2024-09-17T19:02:51 IST" duration-ms="10788">
    <groups>
    </groups>
    <test started-at="2024-09-17T19:02:40 IST" name="Test1" finished-at="2024-09-17T19:02:42 IST" duration-ms="1982">
      <class name="parameters.CrossBrowsert">
        <test-method signature="browserTest(java.lang.String)[pri:0, instance:parameters.CrossBrowsert@77fbd92c]" started-at="2024-09-17T19:02:40 IST" name="browserTest" finished-at="2024-09-17T19:02:42 IST" duration-ms="1928" status="PASS">
          <params>
            <param index="0">
              <value>
                <![CDATA[chrome]]>
              </value>
            </param>
          </params>
          <reporter-output>
          </reporter-output>
        </test-method> <!-- browserTest -->
      </class> <!-- parameters.CrossBrowsert -->
    </test> <!-- Test1 -->
    <test started-at="2024-09-17T19:02:42 IST" name="Test2" finished-at="2024-09-17T19:02:46 IST" duration-ms="4418">
      <class name="parameters.CrossBrowsert">
        <test-method signature="browserTest(java.lang.String)[pri:0, instance:parameters.CrossBrowsert@3c46e67a]" started-at="2024-09-17T19:02:42 IST" name="browserTest" finished-at="2024-09-17T19:02:46 IST" duration-ms="4413" status="PASS">
          <params>
            <param index="0">
              <value>
                <![CDATA[firefox]]>
              </value>
            </param>
          </params>
          <reporter-output>
          </reporter-output>
        </test-method> <!-- browserTest -->
      </class> <!-- parameters.CrossBrowsert -->
    </test> <!-- Test2 -->
    <test started-at="2024-09-17T19:02:46 IST" name="Test3" finished-at="2024-09-17T19:02:51 IST" duration-ms="4324">
      <class name="parameters.CrossBrowsert">
        <test-method signature="browserTest(java.lang.String)[pri:0, instance:parameters.CrossBrowsert@206a70ef]" started-at="2024-09-17T19:02:46 IST" name="browserTest" finished-at="2024-09-17T19:02:51 IST" duration-ms="4320" status="PASS">
          <params>
            <param index="0">
              <value>
                <![CDATA[edge]]>
              </value>
            </param>
          </params>
          <reporter-output>
          </reporter-output>
        </test-method> <!-- browserTest -->
      </class> <!-- parameters.CrossBrowsert -->
    </test> <!-- Test3 -->
  </suite> <!-- Suite -->
</testng-results>
